exercicio3.cpp:47:5: error: only declarations of constructors and conversion operators can be ‘explicit’
   47 |     explicit Point** image;
      |     ^~~~~~~~
exercicio3.cpp:71:19: error: ‘unsigned char Image::set_point(unsigned int, unsigned int, unsigned char)’ cannot be overloaded with ‘unsigned char Image::set_point(unsigned int, unsigned int, unsigned char)’
   71 |     unsigned char set_point(unsigned row, unsigned column, unsigned char luminance) {
      |                   ^~~~~~~~~
exercicio3.cpp:64:19: note: previous declaration ‘unsigned char Image::set_point(unsigned int, unsigned int, unsigned char)’
   64 |     unsigned char set_point(unsigned row, unsigned column, unsigned char value){
      |                   ^~~~~~~~~
exercicio3.cpp: In constructor ‘Image::Image(unsigned int, unsigned int)’:
exercicio3.cpp:51:5: error: multiple initializations given for ‘Image::width’
   51 |     Image(unsigned  width=0u, unsigned heigth=0u): width(width), width(width), image(nullptr) {
      |     ^~~~~
exercicio3.cpp:49:14: warning: ‘Image::width’ will be initialized after [-Wreorder]
   49 |     unsigned width;
      |              ^~~~~
exercicio3.cpp:47:22: warning:   ‘Point** Image::image’ [-Wreorder]
   47 |     explicit Point** image;
      |                      ^~~~~
exercicio3.cpp:51:5: warning:   when initialized here [-Wreorder]
   51 |     Image(unsigned  width=0u, unsigned heigth=0u): width(width), width(width), image(nullptr) {
      |     ^~~~~
exercicio3.cpp:51:93: error: no matching function for call to ‘Point::Point()’
   51 |     Image(unsigned  width=0u, unsigned heigth=0u): width(width), width(width), image(nullptr) {
      |                                                                                             ^
In file included from exercicio3.cpp:44:
Point.h:15:5: note: candidate: ‘Point::Point(unsigned char)’
   15 |     Point(unsigned char);
      |     ^~~~~
Point.h:15:5: note:   candidate expects 1 argument, 0 provided
Point.h:12:7: note: candidate: ‘constexpr Point::Point(const Point&)’
   12 | class Point{
      |       ^~~~~
Point.h:12:7: note:   candidate expects 1 argument, 0 provided
Point.h:12:7: note: candidate: ‘constexpr Point::Point(Point&&)’
Point.h:12:7: note:   candidate expects 1 argument, 0 provided
exercicio3.cpp:53:32: warning: comparison of integer expressions of different signedness: ‘int’ and ‘unsigned int’ [-Wsign-compare]
   53 |         for (int n = 0; n++; n < heigth){
      |                              ~~^~~~~~~~
exercicio3.cpp:53:32: warning: for increment expression has no effect [-Wunused-value]
exercicio3.cpp:54:39: error: no matching function for call to ‘Point::Point()’
   54 |             image[n] = new Point[width];
      |                                       ^
In file included from exercicio3.cpp:44:
Point.h:15:5: note: candidate: ‘Point::Point(unsigned char)’
   15 |     Point(unsigned char);
      |     ^~~~~
Point.h:15:5: note:   candidate expects 1 argument, 0 provided
Point.h:12:7: note: candidate: ‘constexpr Point::Point(const Point&)’
   12 | class Point{
      |       ^~~~~
Point.h:12:7: note:   candidate expects 1 argument, 0 provided
Point.h:12:7: note: candidate: ‘constexpr Point::Point(Point&&)’
Point.h:12:7: note:   candidate expects 1 argument, 0 provided
exercicio3.cpp:57:31: warning: comparison of integer expressions of different signedness: ‘int’ and ‘unsigned int’ [-Wsign-compare]
   57 |         for(int n = 0; n++; n < width){
      |                             ~~^~~~~~~
exercicio3.cpp:57:31: warning: for increment expression has no effect [-Wunused-value]
exercicio3.cpp:58:35: warning: comparison of integer expressions of different signedness: ‘int’ and ‘unsigned int’ [-Wsign-compare]
   58 |             for(int m = 0; m++; m < heigth){
      |                                 ~~^~~~~~~~
exercicio3.cpp:58:35: warning: for increment expression has no effect [-Wunused-value]
exercicio3.cpp: In member function ‘unsigned char Image::set_point(unsigned int, unsigned int, unsigned char)’:
exercicio3.cpp:65:22: error: ‘n’ was not declared in this scope
   65 |         return image[n][m].set(value);
      |                      ^
exercicio3.cpp:65:25: error: ‘m’ was not declared in this scope; did you mean ‘tm’?
   65 |         return image[n][m].set(value);
      |                         ^
      |                         tm
exercicio3.cpp: In member function ‘unsigned char Image::set_point(unsigned int, unsigned int, unsigned char)’:
exercicio3.cpp:73:40: error: no matching function for call to ‘Point::get(unsigned char&)’
   73 |         return image[heigth][width].get(luminance);
      |                ~~~~~~~~~~~~~~~~~~~~~~~~^~~~~~~~~~~
In file included from exercicio3.cpp:44:
Point.h:17:19: note: candidate: ‘unsigned char Point::get() const’
   17 |     unsigned char get() const;
      |                   ^~~
Point.h:17:19: note:   candidate expects 0 arguments, 1 provided
exercicio3.cpp: In member function ‘void Image::delete_image()’:
exercicio3.cpp:77:30: warning: comparison of integer expressions of different signedness: ‘int’ and ‘unsigned int’ [-Wsign-compare]
   77 |         for(int n = 0; n++; n<heigth){
      |                             ~^~~~~~~
exercicio3.cpp:77:30: warning: for increment expression has no effect [-Wunused-value]
exercicio3.cpp: In member function ‘unsigned int Image::set_heigth(unsigned int)’:
exercicio3.cpp:84:31: warning: comparison of integer expressions of different signedness: ‘int’ and ‘unsigned int’ [-Wsign-compare]
   84 |         for(int n = 0; n++; n < heigth){
      |                             ~~^~~~~~~~
exercicio3.cpp:84:31: warning: for increment expression has no effect [-Wunused-value]
exercicio3.cpp:85:43: error: no matching function for call to ‘Point::Point()’
   85 |             new_image[n] = new Point[width];
      |                                           ^
In file included from exercicio3.cpp:44:
Point.h:15:5: note: candidate: ‘Point::Point(unsigned char)’
   15 |     Point(unsigned char);
      |     ^~~~~
Point.h:15:5: note:   candidate expects 1 argument, 0 provided
Point.h:12:7: note: candidate: ‘constexpr Point::Point(const Point&)’
   12 | class Point{
      |       ^~~~~
Point.h:12:7: note:   candidate expects 1 argument, 0 provided
Point.h:12:7: note: candidate: ‘constexpr Point::Point(Point&&)’
Point.h:12:7: note:   candidate expects 1 argument, 0 provided
exercicio3.cpp:88:30: warning: comparison of integer expressions of different signedness: ‘int’ and ‘unsigned int’ [-Wsign-compare]
   88 |         for(int n = 0; n++; n<heigth){
      |                             ~^~~~~~~
exercicio3.cpp:88:30: warning: for increment expression has no effect [-Wunused-value]
exercicio3.cpp:89:34: warning: comparison of integer expressions of different signedness: ‘int’ and ‘unsigned int’ [-Wsign-compare]
   89 |             for(int m = 0; m++; m<width){
      |                                 ~^~~~~~
exercicio3.cpp:89:34: warning: for increment expression has no effect [-Wunused-value]
exercicio3.cpp:90:22: warning: comparison of integer expressions of different signedness: ‘int’ and ‘unsigned int’ [-Wsign-compare]
   90 |                 if(n < this->heigth){
      |                    ~~^~~~~~~~~~~~~~
exercicio3.cpp:91:51: error: cannot convert ‘Point’ to ‘unsigned char’
   91 |                     new_image[n][m].set(image[n][m]);
      |                                         ~~~~~~~~~~^
      |                                                   |
      |                                                   Point
In file included from exercicio3.cpp:44:
Point.h:16:23: note:   initializing argument 1 of ‘unsigned char Point::set(unsigned char)’
   16 |     unsigned char set(unsigned char);
      |                       ^~~~~~~~~~~~~
exercicio3.cpp: In member function ‘unsigned int Image::set_width(unsigned int)’:
exercicio3.cpp:106:31: warning: comparison of integer expressions of different signedness: ‘int’ and ‘unsigned int’ [-Wsign-compare]
  106 |         for(int n = 0; n++; n < heigth){
      |                             ~~^~~~~~~~
exercicio3.cpp:106:31: warning: for increment expression has no effect [-Wunused-value]
exercicio3.cpp:107:43: error: no matching function for call to ‘Point::Point()’
  107 |             new_image[n] = new Point[width];
      |                                           ^
In file included from exercicio3.cpp:44:
Point.h:15:5: note: candidate: ‘Point::Point(unsigned char)’
   15 |     Point(unsigned char);
      |     ^~~~~
Point.h:15:5: note:   candidate expects 1 argument, 0 provided
Point.h:12:7: note: candidate: ‘constexpr Point::Point(const Point&)’
   12 | class Point{
      |       ^~~~~
Point.h:12:7: note:   candidate expects 1 argument, 0 provided
Point.h:12:7: note: candidate: ‘constexpr Point::Point(Point&&)’
Point.h:12:7: note:   candidate expects 1 argument, 0 provided
exercicio3.cpp:110:31: warning: comparison of integer expressions of different signedness: ‘int’ and ‘unsigned int’ [-Wsign-compare]
  110 |         for(int n = 0; n++; n < heigth){
      |                             ~~^~~~~~~~
exercicio3.cpp:110:31: warning: for increment expression has no effect [-Wunused-value]
exercicio3.cpp:111:35: warning: comparison of integer expressions of different signedness: ‘int’ and ‘unsigned int’ [-Wsign-compare]
  111 |             for(int m = 0; m++; m < width){
      |                                 ~~^~~~~~~
exercicio3.cpp:111:35: warning: for increment expression has no effect [-Wunused-value]
exercicio3.cpp:112:22: warning: comparison of integer expressions of different signedness: ‘int’ and ‘unsigned int’ [-Wsign-compare]
  112 |                 if(m < this->width){
      |                    ~~^~~~~~~~~~~~~
exercicio3.cpp:113:51: error: cannot convert ‘Point’ to ‘unsigned char’
  113 |                     new_image[n][m].set(image[n][m]);
      |                                         ~~~~~~~~~~^
      |                                                   |
      |                                                   Point
In file included from exercicio3.cpp:44:
Point.h:16:23: note:   initializing argument 1 of ‘unsigned char Point::set(unsigned char)’
   16 |     unsigned char set(unsigned char);
      |                       ^~~~~~~~~~~~~
exercicio3.cpp: In member function ‘void Image::lum_invert()’:
exercicio3.cpp:127:22: error: expected ‘;’ before ‘)’ token
  127 |         for(int n = 0); n++; n < heigth){
      |                      ^
exercicio3.cpp:127:22: error: expected primary-expression before ‘)’ token
exercicio3.cpp:127:22: error: expected ‘;’ before ‘)’ token
exercicio3.cpp:127:9: warning: this ‘for’ clause does not guard... [-Wmisleading-indentation]
  127 |         for(int n = 0); n++; n < heigth){
      |         ^~~
exercicio3.cpp:127:25: note: ...this statement, but the latter is misleadingly indented as if it were guarded by the ‘for’
  127 |         for(int n = 0); n++; n < heigth){
      |                         ^
exercicio3.cpp:127:17: warning: unused variable ‘n’ [-Wunused-variable]
  127 |         for(int n = 0); n++; n < heigth){
      |                 ^
exercicio3.cpp:127:25: error: ‘n’ was not declared in this scope
  127 |         for(int n = 0); n++; n < heigth){
      |                         ^
